[debug] [2021-02-09T16:33:51.683Z] ----------------------------------------------------------------------
[debug] [2021-02-09T16:33:51.685Z] Command:       C:\Program Files\nodejs\node.exe C:\Program Files\nodejs\node_modules\firebase-tools\lib\bin\firebase.js emulators:start
[debug] [2021-02-09T16:33:51.685Z] CLI Version:   9.3.0
[debug] [2021-02-09T16:33:51.685Z] Platform:      win32
[debug] [2021-02-09T16:33:51.685Z] Node Version:  v15.8.0
[debug] [2021-02-09T16:33:51.686Z] Time:          Tue Feb 09 2021 09:33:51 GMT-0700 (Mountain Standard Time)
[debug] [2021-02-09T16:33:51.686Z] ----------------------------------------------------------------------
[debug] [2021-02-09T16:33:51.686Z] 
[debug] [2021-02-09T16:33:51.692Z] > command requires scopes: ["email","openid","https://www.googleapis.com/auth/cloudplatformprojects.readonly","https://www.googleapis.com/auth/firebase","https://www.googleapis.com/auth/cloud-platform"]
[debug] [2021-02-09T16:33:51.693Z] > authorizing via signed-in user
[info] i  emulators: Starting emulators: functions, hosting {"metadata":{"emulator":{"name":"hub"},"message":"Starting emulators: functions, hosting"}}
[debug] [2021-02-09T16:33:51.729Z] [hub] writing locator at C:\Users\AWhip\AppData\Local\Temp\hub-clone-c91ab.json
[warn] !  functions: The following emulators are not running, calls to these services from the Functions emulator will affect production: auth, firestore, database, pubsub {"metadata":{"emulator":{"name":"functions"},"message":"The following emulators are not running, calls to these services from the Functions emulator will affect production: \u001b[1mauth, firestore, database, pubsub\u001b[22m"}}
[warn] !  Your requested "node" version "12" doesn't match your global version "15" {"metadata":{"emulator":{"name":"functions"},"message":"Your requested \"node\" version \"12\" doesn't match your global version \"15\""}}
[debug] [2021-02-09T16:33:51.763Z] defaultcredentials: writing to file C:\Users\AWhip\AppData\Roaming\firebase\ohhellwhipple_gmail_com_application_default_credentials.json
[debug] [2021-02-09T16:33:51.766Z] Setting GAC to C:\Users\AWhip\AppData\Roaming\firebase\ohhellwhipple_gmail_com_application_default_credentials.json {"metadata":{"emulator":{"name":"functions"},"message":"Setting GAC to C:\\Users\\AWhip\\AppData\\Roaming\\firebase\\ohhellwhipple_gmail_com_application_default_credentials.json"}}
[debug] [2021-02-09T16:33:51.767Z] > refreshing access token with scopes: []
[debug] [2021-02-09T16:33:51.768Z] >>> HTTP REQUEST POST https://www.googleapis.com/oauth2/v3/token  
 <request body omitted>
[debug] [2021-02-09T16:33:51.927Z] <<< HTTP RESPONSE 200 {"date":"Tue, 09 Feb 2021 16:33:53 GMT","pragma":"no-cache","expires":"Mon, 01 Jan 1990 00:00:00 GMT","cache-control":"no-cache, no-store, max-age=0, must-revalidate","content-type":"application/json; charset=utf-8","vary":"X-Origin, Referer, Origin,Accept-Encoding","server":"scaffolding on HTTPServer2","x-xss-protection":"0","x-frame-options":"SAMEORIGIN","x-content-type-options":"nosniff","alt-svc":"h3-29=\":443\"; ma=2592000,h3-T051=\":443\"; ma=2592000,h3-Q050=\":443\"; ma=2592000,h3-Q046=\":443\"; ma=2592000,h3-Q043=\":443\"; ma=2592000,quic=\":443\"; ma=2592000; v=\"46,43\"","accept-ranges":"none","transfer-encoding":"chunked"}
[debug] [2021-02-09T16:33:51.950Z] >>> [apiv2][query] GET https://firebase.googleapis.com/v1beta1/projects/clone-c91ab/adminSdkConfig [none]
[debug] [2021-02-09T16:33:52.223Z] <<< [apiv2][status] GET https://firebase.googleapis.com/v1beta1/projects/clone-c91ab/adminSdkConfig 200
[debug] [2021-02-09T16:33:52.223Z] <<< [apiv2][body] GET https://firebase.googleapis.com/v1beta1/projects/clone-c91ab/adminSdkConfig {"projectId":"clone-c91ab","databaseURL":"https://clone-c91ab-default-rtdb.firebaseio.com","storageBucket":"clone-c91ab.appspot.com","locationId":"us-central"}
[debug] [2021-02-09T16:33:52.246Z] >>> [apiv2][query] GET https://firebase.googleapis.com/v1beta1/projects/clone-c91ab/webApps/-/config [none]
[debug] [2021-02-09T16:33:52.544Z] <<< [apiv2][status] GET https://firebase.googleapis.com/v1beta1/projects/clone-c91ab/webApps/-/config 200
[debug] [2021-02-09T16:33:52.544Z] <<< [apiv2][body] GET https://firebase.googleapis.com/v1beta1/projects/clone-c91ab/webApps/-/config {"projectId":"clone-c91ab","appId":"1:398404059515:web:c77aa57f7d85041d953dde","databaseURL":"https://clone-c91ab-default-rtdb.firebaseio.com","storageBucket":"clone-c91ab.appspot.com","locationId":"us-central","apiKey":"AIzaSyCwQ9yMu-UWW3XdQn3Ahp6Bma9vJdIWgvs","authDomain":"clone-c91ab.firebaseapp.com","messagingSenderId":"398404059515","measurementId":"G-VMHMPPFB2Y"}
[info] i  hosting[clone-c91ab]: Serving hosting files from: build {"metadata":{"emulator":{"name":"hosting"},"message":"Serving hosting files from: \u001b[1mbuild\u001b[22m"}}
[info] +  hosting[clone-c91ab]: Local server: http://localhost:5000 {"metadata":{"emulator":{"name":"hosting"},"message":"Local server: \u001b[4m\u001b[1mhttp://localhost:5000\u001b[22m\u001b[24m"}}
[info] i  ui: downloading ui-v1.4.1.zip... {"metadata":{"emulator":{"name":"ui"},"message":"downloading ui-v1.4.1.zip..."}}
[debug] [2021-02-09T16:33:52.611Z] >>> [apiv2][query] GET https://storage.googleapis.com/firebase-preview-drop/emulator/ui-v1.4.1.zip [none]
[debug] [2021-02-09T16:33:52.782Z] <<< [apiv2][status] GET https://storage.googleapis.com/firebase-preview-drop/emulator/ui-v1.4.1.zip 200
[debug] [2021-02-09T16:33:52.782Z] <<< [apiv2][body] GET https://storage.googleapis.com/firebase-preview-drop/emulator/ui-v1.4.1.zip [stream]
[debug] [2021-02-09T16:33:53.233Z] Ignoring unsupported arg: auto_download {"metadata":{"emulator":{"name":"ui"},"message":"Ignoring unsupported arg: auto_download"}}
[debug] [2021-02-09T16:33:53.233Z] Ignoring unsupported arg: port {"metadata":{"emulator":{"name":"ui"},"message":"Ignoring unsupported arg: port"}}
[debug] [2021-02-09T16:33:53.233Z] Starting Emulator UI with command {"binary":"node","args":["C:\\Users\\AWhip\\.cache\\firebase\\emulators\\ui-v1.4.1\\server.bundle.js"],"optionalArgs":[],"joinArgs":false} {"metadata":{"emulator":{"name":"ui"},"message":"Starting Emulator UI with command {\"binary\":\"node\",\"args\":[\"C:\\\\Users\\\\AWhip\\\\.cache\\\\firebase\\\\emulators\\\\ui-v1.4.1\\\\server.bundle.js\"],\"optionalArgs\":[],\"joinArgs\":false}"}}
[info] i  ui: Emulator UI logging to ui-debug.log {"metadata":{"emulator":{"name":"ui"},"message":"Emulator UI logging to \u001b[1mui-debug.log\u001b[22m"}}
[debug] [2021-02-09T16:33:53.347Z] Web / API server started at http://localhost:4000
 {"metadata":{"emulator":{"name":"ui"},"message":"Web / API server started at http://localhost:4000\n"}}
[info] i  functions: Watching "C:\Users\AWhip\Documents\School_Files\Portfolio_Projects\amazon-clone\functions" for Cloud Functions... {"metadata":{"emulator":{"name":"functions"},"message":"Watching \"C:\\Users\\AWhip\\Documents\\School_Files\\Portfolio_Projects\\amazon-clone\\functions\" for Cloud Functions..."}}
[debug] [2021-02-09T16:33:53.543Z] [worker-pool] addWorker(~diagnostic~) {"metadata":{"emulator":{"name":"functions"},"message":"[worker-pool] addWorker(~diagnostic~)"}}
[debug] [2021-02-09T16:33:53.544Z] [worker-pool] Adding worker with key ~diagnostic~, total=1 {"metadata":{"emulator":{"name":"functions"},"message":"[worker-pool] Adding worker with key ~diagnostic~, total=1"}}
[debug] [2021-02-09T16:33:53.544Z] [worker-pool] submitWork(triggerId=) {"metadata":{"emulator":{"name":"functions"},"message":"[worker-pool] submitWork(triggerId=)"}}
[debug] [2021-02-09T16:33:53.544Z] [worker-~diagnostic~-c699732f-4ffe-4282-a8f9-4b568d0fca16]: Assigning socketPath: \\?\pipe\C:\Users\AWhip\Documents\School_Files\Portfolio_Projects\amazon-clone\functions\20508 {"metadata":{"emulator":{"name":"functions"},"message":"[worker-~diagnostic~-c699732f-4ffe-4282-a8f9-4b568d0fca16]: Assigning socketPath: \\\\?\\pipe\\C:\\Users\\AWhip\\Documents\\School_Files\\Portfolio_Projects\\amazon-clone\\functions\\20508"}}
[debug] [2021-02-09T16:33:53.545Z] [worker-~diagnostic~-c699732f-4ffe-4282-a8f9-4b568d0fca16]: BUSY {"metadata":{"emulator":{"name":"functions"},"message":"[worker-~diagnostic~-c699732f-4ffe-4282-a8f9-4b568d0fca16]: BUSY"}}
[debug] [2021-02-09T16:33:53.711Z] [runtime-status] [20508] Functions runtime initialized. {"cwd":"C:\\Users\\AWhip\\Documents\\School_Files\\Portfolio_Projects\\amazon-clone\\functions","node_version":"15.8.0"} {"metadata":{"emulator":{"name":"functions"},"message":"[runtime-status] [20508] Functions runtime initialized. {\"cwd\":\"C:\\\\Users\\\\AWhip\\\\Documents\\\\School_Files\\\\Portfolio_Projects\\\\amazon-clone\\\\functions\",\"node_version\":\"15.8.0\"}"}}
[debug] [2021-02-09T16:33:53.711Z] [runtime-status] [20508] Disabled runtime features: undefined {"metadata":{"emulator":{"name":"functions"},"message":"[runtime-status] [20508] Disabled runtime features: undefined"}}
[debug] [2021-02-09T16:33:53.714Z] [runtime-status] [20508] Resolved module firebase-admin {"declared":true,"installed":true,"version":"9.4.2","resolution":"C:\\Users\\AWhip\\Documents\\School_Files\\Portfolio_Projects\\amazon-clone\\functions\\node_modules\\firebase-admin\\lib\\index.js"} {"metadata":{"emulator":{"name":"functions"},"message":"[runtime-status] [20508] Resolved module firebase-admin {\"declared\":true,\"installed\":true,\"version\":\"9.4.2\",\"resolution\":\"C:\\\\Users\\\\AWhip\\\\Documents\\\\School_Files\\\\Portfolio_Projects\\\\amazon-clone\\\\functions\\\\node_modules\\\\firebase-admin\\\\lib\\\\index.js\"}"}}
[debug] [2021-02-09T16:33:53.716Z] [runtime-status] [20508] Resolved module firebase-functions {"declared":true,"installed":true,"version":"3.13.1","resolution":"C:\\Users\\AWhip\\Documents\\School_Files\\Portfolio_Projects\\amazon-clone\\functions\\node_modules\\firebase-functions\\lib\\index.js"} {"metadata":{"emulator":{"name":"functions"},"message":"[runtime-status] [20508] Resolved module firebase-functions {\"declared\":true,\"installed\":true,\"version\":\"3.13.1\",\"resolution\":\"C:\\\\Users\\\\AWhip\\\\Documents\\\\School_Files\\\\Portfolio_Projects\\\\amazon-clone\\\\functions\\\\node_modules\\\\firebase-functions\\\\lib\\\\index.js\"}"}}
[debug] [2021-02-09T16:33:53.717Z] [runtime-status] [20508] Resolved module firebase-functions {"declared":true,"installed":true,"version":"3.13.1","resolution":"C:\\Users\\AWhip\\Documents\\School_Files\\Portfolio_Projects\\amazon-clone\\functions\\node_modules\\firebase-functions\\lib\\index.js"} {"metadata":{"emulator":{"name":"functions"},"message":"[runtime-status] [20508] Resolved module firebase-functions {\"declared\":true,\"installed\":true,\"version\":\"3.13.1\",\"resolution\":\"C:\\\\Users\\\\AWhip\\\\Documents\\\\School_Files\\\\Portfolio_Projects\\\\amazon-clone\\\\functions\\\\node_modules\\\\firebase-functions\\\\lib\\\\index.js\"}"}}
[debug] [2021-02-09T16:33:53.719Z] [runtime-status] [20508] Outgoing network have been stubbed. [{"name":"http","status":"mocked"},{"name":"http","status":"mocked"},{"name":"https","status":"mocked"},{"name":"https","status":"mocked"},{"name":"net","status":"mocked"}] {"metadata":{"emulator":{"name":"functions"},"message":"[runtime-status] [20508] Outgoing network have been stubbed. [{\"name\":\"http\",\"status\":\"mocked\"},{\"name\":\"http\",\"status\":\"mocked\"},{\"name\":\"https\",\"status\":\"mocked\"},{\"name\":\"https\",\"status\":\"mocked\"},{\"name\":\"net\",\"status\":\"mocked\"}]"}}
[debug] [2021-02-09T16:33:53.719Z] [runtime-status] [20508] Resolved module firebase-functions {"declared":true,"installed":true,"version":"3.13.1","resolution":"C:\\Users\\AWhip\\Documents\\School_Files\\Portfolio_Projects\\amazon-clone\\functions\\node_modules\\firebase-functions\\lib\\index.js"} {"metadata":{"emulator":{"name":"functions"},"message":"[runtime-status] [20508] Resolved module firebase-functions {\"declared\":true,\"installed\":true,\"version\":\"3.13.1\",\"resolution\":\"C:\\\\Users\\\\AWhip\\\\Documents\\\\School_Files\\\\Portfolio_Projects\\\\amazon-clone\\\\functions\\\\node_modules\\\\firebase-functions\\\\lib\\\\index.js\"}"}}
[debug] [2021-02-09T16:33:53.769Z] [runtime-status] [20508] Checked functions.config() {"config":{}} {"metadata":{"emulator":{"name":"functions"},"message":"[runtime-status] [20508] Checked functions.config() {\"config\":{}}"}}
[debug] [2021-02-09T16:33:53.769Z] [runtime-status] [20508] firebase-functions has been stubbed. {"functionsResolution":{"declared":true,"installed":true,"version":"3.13.1","resolution":"C:\\Users\\AWhip\\Documents\\School_Files\\Portfolio_Projects\\amazon-clone\\functions\\node_modules\\firebase-functions\\lib\\index.js"}} {"metadata":{"emulator":{"name":"functions"},"message":"[runtime-status] [20508] firebase-functions has been stubbed. {\"functionsResolution\":{\"declared\":true,\"installed\":true,\"version\":\"3.13.1\",\"resolution\":\"C:\\\\Users\\\\AWhip\\\\Documents\\\\School_Files\\\\Portfolio_Projects\\\\amazon-clone\\\\functions\\\\node_modules\\\\firebase-functions\\\\lib\\\\index.js\"}}"}}
[debug] [2021-02-09T16:33:53.769Z] [runtime-status] [20508] Resolved module firebase-functions {"declared":true,"installed":true,"version":"3.13.1","resolution":"C:\\Users\\AWhip\\Documents\\School_Files\\Portfolio_Projects\\amazon-clone\\functions\\node_modules\\firebase-functions\\lib\\index.js"} {"metadata":{"emulator":{"name":"functions"},"message":"[runtime-status] [20508] Resolved module firebase-functions {\"declared\":true,\"installed\":true,\"version\":\"3.13.1\",\"resolution\":\"C:\\\\Users\\\\AWhip\\\\Documents\\\\School_Files\\\\Portfolio_Projects\\\\amazon-clone\\\\functions\\\\node_modules\\\\firebase-functions\\\\lib\\\\index.js\"}"}}
[debug] [2021-02-09T16:33:53.770Z] [runtime-status] [20508] Resolved module firebase-admin {"declared":true,"installed":true,"version":"9.4.2","resolution":"C:\\Users\\AWhip\\Documents\\School_Files\\Portfolio_Projects\\amazon-clone\\functions\\node_modules\\firebase-admin\\lib\\index.js"} {"metadata":{"emulator":{"name":"functions"},"message":"[runtime-status] [20508] Resolved module firebase-admin {\"declared\":true,\"installed\":true,\"version\":\"9.4.2\",\"resolution\":\"C:\\\\Users\\\\AWhip\\\\Documents\\\\School_Files\\\\Portfolio_Projects\\\\amazon-clone\\\\functions\\\\node_modules\\\\firebase-admin\\\\lib\\\\index.js\"}"}}
[debug] [2021-02-09T16:33:53.771Z] [runtime-status] [20508] Resolved module firebase-functions {"declared":true,"installed":true,"version":"3.13.1","resolution":"C:\\Users\\AWhip\\Documents\\School_Files\\Portfolio_Projects\\amazon-clone\\functions\\node_modules\\firebase-functions\\lib\\index.js"} {"metadata":{"emulator":{"name":"functions"},"message":"[runtime-status] [20508] Resolved module firebase-functions {\"declared\":true,\"installed\":true,\"version\":\"3.13.1\",\"resolution\":\"C:\\\\Users\\\\AWhip\\\\Documents\\\\School_Files\\\\Portfolio_Projects\\\\amazon-clone\\\\functions\\\\node_modules\\\\firebase-functions\\\\lib\\\\index.js\"}"}}
[debug] [2021-02-09T16:33:53.771Z] [runtime-status] [20508] firebase-admin has been stubbed. {"adminResolution":{"declared":true,"installed":true,"version":"9.4.2","resolution":"C:\\Users\\AWhip\\Documents\\School_Files\\Portfolio_Projects\\amazon-clone\\functions\\node_modules\\firebase-admin\\lib\\index.js"}} {"metadata":{"emulator":{"name":"functions"},"message":"[runtime-status] [20508] firebase-admin has been stubbed. {\"adminResolution\":{\"declared\":true,\"installed\":true,\"version\":\"9.4.2\",\"resolution\":\"C:\\\\Users\\\\AWhip\\\\Documents\\\\School_Files\\\\Portfolio_Projects\\\\amazon-clone\\\\functions\\\\node_modules\\\\firebase-admin\\\\lib\\\\index.js\"}}"}}
[info] +  functions[api]: http function initialized (http://localhost:5001/clone-c91ab/us-central1/api). {"metadata":{"emulator":{"name":"functions"},"message":"\u001b[1mhttp\u001b[22m function initialized (http://localhost:5001/clone-c91ab/us-central1/api)."}}
[info] 
┌─────────────────────────────────────────────────────────────┐
│ ✔  All emulators ready! It is now safe to connect your app. │
│ i  View Emulator UI at http://localhost:4000                │
└─────────────────────────────────────────────────────────────┘

┌───────────┬────────────────┬─────────────────────────────────┐
│ Emulator  │ Host:Port      │ View in Emulator UI             │
├───────────┼────────────────┼─────────────────────────────────┤
│ Functions │ localhost:5001 │ http://localhost:4000/functions │
├───────────┼────────────────┼─────────────────────────────────┤
│ Hosting   │ localhost:5000 │ n/a                             │
└───────────┴────────────────┴─────────────────────────────────┘
  Emulator Hub running at localhost:4400
  Other reserved ports: 4500

Issues? Report them at https://github.com/firebase/firebase-tools/issues and attach the *-debug.log files.
 
[debug] [2021-02-09T16:33:53.973Z] [worker-~diagnostic~-c699732f-4ffe-4282-a8f9-4b568d0fca16]: IDLE {"metadata":{"emulator":{"name":"functions"},"message":"[worker-~diagnostic~-c699732f-4ffe-4282-a8f9-4b568d0fca16]: IDLE"}}
[debug] [2021-02-09T16:35:52.508Z] File C:\Users\AWhip\Documents\School_Files\Portfolio_Projects\amazon-clone\functions\index.js changed, reloading triggers {"metadata":{"emulator":{"name":"functions"},"message":"File C:\\Users\\AWhip\\Documents\\School_Files\\Portfolio_Projects\\amazon-clone\\functions\\index.js changed, reloading triggers"}}
[debug] [2021-02-09T16:35:53.510Z] [worker-pool] Shutting down IDLE worker (~diagnostic~) {"metadata":{"emulator":{"name":"functions"},"message":"[worker-pool] Shutting down IDLE worker (~diagnostic~)"}}
[debug] [2021-02-09T16:35:53.511Z] [worker-~diagnostic~-c699732f-4ffe-4282-a8f9-4b568d0fca16]: FINISHING {"metadata":{"emulator":{"name":"functions"},"message":"[worker-~diagnostic~-c699732f-4ffe-4282-a8f9-4b568d0fca16]: FINISHING"}}
[debug] [2021-02-09T16:35:53.530Z] [worker-pool] addWorker(~diagnostic~) {"metadata":{"emulator":{"name":"functions"},"message":"[worker-pool] addWorker(~diagnostic~)"}}
[debug] [2021-02-09T16:35:53.531Z] [worker-pool] Adding worker with key ~diagnostic~, total=2 {"metadata":{"emulator":{"name":"functions"},"message":"[worker-pool] Adding worker with key ~diagnostic~, total=2"}}
[debug] [2021-02-09T16:35:53.531Z] [worker-pool] submitWork(triggerId=) {"metadata":{"emulator":{"name":"functions"},"message":"[worker-pool] submitWork(triggerId=)"}}
[debug] [2021-02-09T16:35:53.531Z] [worker-~diagnostic~-ff595a7c-194e-46e4-aa6c-97dec46b6a77]: Assigning socketPath: \\?\pipe\C:\Users\AWhip\Documents\School_Files\Portfolio_Projects\amazon-clone\functions\17972 {"metadata":{"emulator":{"name":"functions"},"message":"[worker-~diagnostic~-ff595a7c-194e-46e4-aa6c-97dec46b6a77]: Assigning socketPath: \\\\?\\pipe\\C:\\Users\\AWhip\\Documents\\School_Files\\Portfolio_Projects\\amazon-clone\\functions\\17972"}}
[debug] [2021-02-09T16:35:53.531Z] [worker-~diagnostic~-ff595a7c-194e-46e4-aa6c-97dec46b6a77]: BUSY {"metadata":{"emulator":{"name":"functions"},"message":"[worker-~diagnostic~-ff595a7c-194e-46e4-aa6c-97dec46b6a77]: BUSY"}}
[debug] [2021-02-09T16:35:53.533Z] [worker-~diagnostic~-c699732f-4ffe-4282-a8f9-4b568d0fca16]: exited {"metadata":{"emulator":{"name":"functions"},"message":"[worker-~diagnostic~-c699732f-4ffe-4282-a8f9-4b568d0fca16]: exited"}}
[debug] [2021-02-09T16:35:53.534Z] [worker-~diagnostic~-c699732f-4ffe-4282-a8f9-4b568d0fca16]: FINISHED {"metadata":{"emulator":{"name":"functions"},"message":"[worker-~diagnostic~-c699732f-4ffe-4282-a8f9-4b568d0fca16]: FINISHED"}}
[debug] [2021-02-09T16:35:53.707Z] [runtime-status] [17972] Functions runtime initialized. {"cwd":"C:\\Users\\AWhip\\Documents\\School_Files\\Portfolio_Projects\\amazon-clone\\functions","node_version":"15.8.0"} {"metadata":{"emulator":{"name":"functions"},"message":"[runtime-status] [17972] Functions runtime initialized. {\"cwd\":\"C:\\\\Users\\\\AWhip\\\\Documents\\\\School_Files\\\\Portfolio_Projects\\\\amazon-clone\\\\functions\",\"node_version\":\"15.8.0\"}"}}
[debug] [2021-02-09T16:35:53.708Z] [runtime-status] [17972] Disabled runtime features: undefined {"metadata":{"emulator":{"name":"functions"},"message":"[runtime-status] [17972] Disabled runtime features: undefined"}}
[debug] [2021-02-09T16:35:53.712Z] [runtime-status] [17972] Resolved module firebase-admin {"declared":true,"installed":true,"version":"9.4.2","resolution":"C:\\Users\\AWhip\\Documents\\School_Files\\Portfolio_Projects\\amazon-clone\\functions\\node_modules\\firebase-admin\\lib\\index.js"} {"metadata":{"emulator":{"name":"functions"},"message":"[runtime-status] [17972] Resolved module firebase-admin {\"declared\":true,\"installed\":true,\"version\":\"9.4.2\",\"resolution\":\"C:\\\\Users\\\\AWhip\\\\Documents\\\\School_Files\\\\Portfolio_Projects\\\\amazon-clone\\\\functions\\\\node_modules\\\\firebase-admin\\\\lib\\\\index.js\"}"}}
[debug] [2021-02-09T16:35:53.713Z] [runtime-status] [17972] Resolved module firebase-functions {"declared":true,"installed":true,"version":"3.13.1","resolution":"C:\\Users\\AWhip\\Documents\\School_Files\\Portfolio_Projects\\amazon-clone\\functions\\node_modules\\firebase-functions\\lib\\index.js"} {"metadata":{"emulator":{"name":"functions"},"message":"[runtime-status] [17972] Resolved module firebase-functions {\"declared\":true,\"installed\":true,\"version\":\"3.13.1\",\"resolution\":\"C:\\\\Users\\\\AWhip\\\\Documents\\\\School_Files\\\\Portfolio_Projects\\\\amazon-clone\\\\functions\\\\node_modules\\\\firebase-functions\\\\lib\\\\index.js\"}"}}
[debug] [2021-02-09T16:35:53.715Z] [runtime-status] [17972] Resolved module firebase-functions {"declared":true,"installed":true,"version":"3.13.1","resolution":"C:\\Users\\AWhip\\Documents\\School_Files\\Portfolio_Projects\\amazon-clone\\functions\\node_modules\\firebase-functions\\lib\\index.js"} {"metadata":{"emulator":{"name":"functions"},"message":"[runtime-status] [17972] Resolved module firebase-functions {\"declared\":true,\"installed\":true,\"version\":\"3.13.1\",\"resolution\":\"C:\\\\Users\\\\AWhip\\\\Documents\\\\School_Files\\\\Portfolio_Projects\\\\amazon-clone\\\\functions\\\\node_modules\\\\firebase-functions\\\\lib\\\\index.js\"}"}}
[debug] [2021-02-09T16:35:53.717Z] [runtime-status] [17972] Outgoing network have been stubbed. [{"name":"http","status":"mocked"},{"name":"http","status":"mocked"},{"name":"https","status":"mocked"},{"name":"https","status":"mocked"},{"name":"net","status":"mocked"}] {"metadata":{"emulator":{"name":"functions"},"message":"[runtime-status] [17972] Outgoing network have been stubbed. [{\"name\":\"http\",\"status\":\"mocked\"},{\"name\":\"http\",\"status\":\"mocked\"},{\"name\":\"https\",\"status\":\"mocked\"},{\"name\":\"https\",\"status\":\"mocked\"},{\"name\":\"net\",\"status\":\"mocked\"}]"}}
[debug] [2021-02-09T16:35:53.717Z] [runtime-status] [17972] Resolved module firebase-functions {"declared":true,"installed":true,"version":"3.13.1","resolution":"C:\\Users\\AWhip\\Documents\\School_Files\\Portfolio_Projects\\amazon-clone\\functions\\node_modules\\firebase-functions\\lib\\index.js"} {"metadata":{"emulator":{"name":"functions"},"message":"[runtime-status] [17972] Resolved module firebase-functions {\"declared\":true,\"installed\":true,\"version\":\"3.13.1\",\"resolution\":\"C:\\\\Users\\\\AWhip\\\\Documents\\\\School_Files\\\\Portfolio_Projects\\\\amazon-clone\\\\functions\\\\node_modules\\\\firebase-functions\\\\lib\\\\index.js\"}"}}
[debug] [2021-02-09T16:35:53.773Z] [runtime-status] [17972] Checked functions.config() {"config":{}} {"metadata":{"emulator":{"name":"functions"},"message":"[runtime-status] [17972] Checked functions.config() {\"config\":{}}"}}
[debug] [2021-02-09T16:35:53.774Z] [runtime-status] [17972] firebase-functions has been stubbed. {"functionsResolution":{"declared":true,"installed":true,"version":"3.13.1","resolution":"C:\\Users\\AWhip\\Documents\\School_Files\\Portfolio_Projects\\amazon-clone\\functions\\node_modules\\firebase-functions\\lib\\index.js"}} {"metadata":{"emulator":{"name":"functions"},"message":"[runtime-status] [17972] firebase-functions has been stubbed. {\"functionsResolution\":{\"declared\":true,\"installed\":true,\"version\":\"3.13.1\",\"resolution\":\"C:\\\\Users\\\\AWhip\\\\Documents\\\\School_Files\\\\Portfolio_Projects\\\\amazon-clone\\\\functions\\\\node_modules\\\\firebase-functions\\\\lib\\\\index.js\"}}"}}
[debug] [2021-02-09T16:35:53.774Z] [runtime-status] [17972] Resolved module firebase-functions {"declared":true,"installed":true,"version":"3.13.1","resolution":"C:\\Users\\AWhip\\Documents\\School_Files\\Portfolio_Projects\\amazon-clone\\functions\\node_modules\\firebase-functions\\lib\\index.js"} {"metadata":{"emulator":{"name":"functions"},"message":"[runtime-status] [17972] Resolved module firebase-functions {\"declared\":true,\"installed\":true,\"version\":\"3.13.1\",\"resolution\":\"C:\\\\Users\\\\AWhip\\\\Documents\\\\School_Files\\\\Portfolio_Projects\\\\amazon-clone\\\\functions\\\\node_modules\\\\firebase-functions\\\\lib\\\\index.js\"}"}}
[debug] [2021-02-09T16:35:53.776Z] [runtime-status] [17972] Resolved module firebase-admin {"declared":true,"installed":true,"version":"9.4.2","resolution":"C:\\Users\\AWhip\\Documents\\School_Files\\Portfolio_Projects\\amazon-clone\\functions\\node_modules\\firebase-admin\\lib\\index.js"} {"metadata":{"emulator":{"name":"functions"},"message":"[runtime-status] [17972] Resolved module firebase-admin {\"declared\":true,\"installed\":true,\"version\":\"9.4.2\",\"resolution\":\"C:\\\\Users\\\\AWhip\\\\Documents\\\\School_Files\\\\Portfolio_Projects\\\\amazon-clone\\\\functions\\\\node_modules\\\\firebase-admin\\\\lib\\\\index.js\"}"}}
[debug] [2021-02-09T16:35:53.777Z] [runtime-status] [17972] Resolved module firebase-functions {"declared":true,"installed":true,"version":"3.13.1","resolution":"C:\\Users\\AWhip\\Documents\\School_Files\\Portfolio_Projects\\amazon-clone\\functions\\node_modules\\firebase-functions\\lib\\index.js"} {"metadata":{"emulator":{"name":"functions"},"message":"[runtime-status] [17972] Resolved module firebase-functions {\"declared\":true,\"installed\":true,\"version\":\"3.13.1\",\"resolution\":\"C:\\\\Users\\\\AWhip\\\\Documents\\\\School_Files\\\\Portfolio_Projects\\\\amazon-clone\\\\functions\\\\node_modules\\\\firebase-functions\\\\lib\\\\index.js\"}"}}
[debug] [2021-02-09T16:35:53.778Z] [runtime-status] [17972] firebase-admin has been stubbed. {"adminResolution":{"declared":true,"installed":true,"version":"9.4.2","resolution":"C:\\Users\\AWhip\\Documents\\School_Files\\Portfolio_Projects\\amazon-clone\\functions\\node_modules\\firebase-admin\\lib\\index.js"}} {"metadata":{"emulator":{"name":"functions"},"message":"[runtime-status] [17972] firebase-admin has been stubbed. {\"adminResolution\":{\"declared\":true,\"installed\":true,\"version\":\"9.4.2\",\"resolution\":\"C:\\\\Users\\\\AWhip\\\\Documents\\\\School_Files\\\\Portfolio_Projects\\\\amazon-clone\\\\functions\\\\node_modules\\\\firebase-admin\\\\lib\\\\index.js\"}}"}}
[debug] [2021-02-09T16:35:53.995Z] [worker-~diagnostic~-ff595a7c-194e-46e4-aa6c-97dec46b6a77]: IDLE {"metadata":{"emulator":{"name":"functions"},"message":"[worker-~diagnostic~-ff595a7c-194e-46e4-aa6c-97dec46b6a77]: IDLE"}}
[debug] [2021-02-09T16:36:18.394Z] [work-queue] {"queueLength":1,"workRunningCount":0}
[debug] [2021-02-09T16:36:18.395Z] [work-queue] {"queueLength":0,"workRunningCount":1}
[debug] [2021-02-09T16:36:18.396Z] Accepted request GET /clone-c91ab/us-central1/api --> api
[debug] [2021-02-09T16:36:18.397Z] [worker-pool] Cleaned up workers for ~diagnostic~: 2 --> 1 {"metadata":{"emulator":{"name":"functions"},"message":"[worker-pool] Cleaned up workers for ~diagnostic~: 2 --> 1"}}
[debug] [2021-02-09T16:36:18.418Z] [worker-pool] addWorker(api) {"metadata":{"emulator":{"name":"functions"},"message":"[worker-pool] addWorker(api)"}}
[debug] [2021-02-09T16:36:18.419Z] [worker-pool] Adding worker with key api, total=1 {"metadata":{"emulator":{"name":"functions"},"message":"[worker-pool] Adding worker with key api, total=1"}}
[debug] [2021-02-09T16:36:18.419Z] [worker-pool] submitWork(triggerId=api) {"metadata":{"emulator":{"name":"functions"},"message":"[worker-pool] submitWork(triggerId=api)"}}
[debug] [2021-02-09T16:36:18.420Z] [worker-api-b5dc9b19-8efc-441a-ad30-e78a999c7d25]: Assigning socketPath: \\?\pipe\C:\Users\AWhip\Documents\School_Files\Portfolio_Projects\amazon-clone\functions\11584 {"metadata":{"emulator":{"name":"functions"},"message":"[worker-api-b5dc9b19-8efc-441a-ad30-e78a999c7d25]: Assigning socketPath: \\\\?\\pipe\\C:\\Users\\AWhip\\Documents\\School_Files\\Portfolio_Projects\\amazon-clone\\functions\\11584"}}
[debug] [2021-02-09T16:36:18.421Z] [worker-api-b5dc9b19-8efc-441a-ad30-e78a999c7d25]: BUSY {"metadata":{"emulator":{"name":"functions"},"message":"[worker-api-b5dc9b19-8efc-441a-ad30-e78a999c7d25]: BUSY"}}
[debug] [2021-02-09T16:36:18.633Z] [runtime-status] [11584] Functions runtime initialized. {"cwd":"C:\\Users\\AWhip\\Documents\\School_Files\\Portfolio_Projects\\amazon-clone\\functions","node_version":"15.8.0"} {"metadata":{"emulator":{"name":"functions"},"function":{"name":"api"},"message":"[runtime-status] [11584] Functions runtime initialized. {\"cwd\":\"C:\\\\Users\\\\AWhip\\\\Documents\\\\School_Files\\\\Portfolio_Projects\\\\amazon-clone\\\\functions\",\"node_version\":\"15.8.0\"}"}}
[debug] [2021-02-09T16:36:18.636Z] [runtime-status] [11584] Disabled runtime features: undefined {"metadata":{"emulator":{"name":"functions"},"function":{"name":"api"},"message":"[runtime-status] [11584] Disabled runtime features: undefined"}}
[debug] [2021-02-09T16:36:18.640Z] [runtime-status] [11584] Resolved module firebase-admin {"declared":true,"installed":true,"version":"9.4.2","resolution":"C:\\Users\\AWhip\\Documents\\School_Files\\Portfolio_Projects\\amazon-clone\\functions\\node_modules\\firebase-admin\\lib\\index.js"} {"metadata":{"emulator":{"name":"functions"},"function":{"name":"api"},"message":"[runtime-status] [11584] Resolved module firebase-admin {\"declared\":true,\"installed\":true,\"version\":\"9.4.2\",\"resolution\":\"C:\\\\Users\\\\AWhip\\\\Documents\\\\School_Files\\\\Portfolio_Projects\\\\amazon-clone\\\\functions\\\\node_modules\\\\firebase-admin\\\\lib\\\\index.js\"}"}}
[debug] [2021-02-09T16:36:18.643Z] [runtime-status] [11584] Resolved module firebase-functions {"declared":true,"installed":true,"version":"3.13.1","resolution":"C:\\Users\\AWhip\\Documents\\School_Files\\Portfolio_Projects\\amazon-clone\\functions\\node_modules\\firebase-functions\\lib\\index.js"} {"metadata":{"emulator":{"name":"functions"},"function":{"name":"api"},"message":"[runtime-status] [11584] Resolved module firebase-functions {\"declared\":true,\"installed\":true,\"version\":\"3.13.1\",\"resolution\":\"C:\\\\Users\\\\AWhip\\\\Documents\\\\School_Files\\\\Portfolio_Projects\\\\amazon-clone\\\\functions\\\\node_modules\\\\firebase-functions\\\\lib\\\\index.js\"}"}}
[debug] [2021-02-09T16:36:18.646Z] [runtime-status] [11584] Resolved module firebase-functions {"declared":true,"installed":true,"version":"3.13.1","resolution":"C:\\Users\\AWhip\\Documents\\School_Files\\Portfolio_Projects\\amazon-clone\\functions\\node_modules\\firebase-functions\\lib\\index.js"} {"metadata":{"emulator":{"name":"functions"},"function":{"name":"api"},"message":"[runtime-status] [11584] Resolved module firebase-functions {\"declared\":true,\"installed\":true,\"version\":\"3.13.1\",\"resolution\":\"C:\\\\Users\\\\AWhip\\\\Documents\\\\School_Files\\\\Portfolio_Projects\\\\amazon-clone\\\\functions\\\\node_modules\\\\firebase-functions\\\\lib\\\\index.js\"}"}}
[debug] [2021-02-09T16:36:18.649Z] [runtime-status] [11584] Outgoing network have been stubbed. [{"name":"http","status":"mocked"},{"name":"http","status":"mocked"},{"name":"https","status":"mocked"},{"name":"https","status":"mocked"},{"name":"net","status":"mocked"}] {"metadata":{"emulator":{"name":"functions"},"function":{"name":"api"},"message":"[runtime-status] [11584] Outgoing network have been stubbed. [{\"name\":\"http\",\"status\":\"mocked\"},{\"name\":\"http\",\"status\":\"mocked\"},{\"name\":\"https\",\"status\":\"mocked\"},{\"name\":\"https\",\"status\":\"mocked\"},{\"name\":\"net\",\"status\":\"mocked\"}]"}}
[debug] [2021-02-09T16:36:18.649Z] [runtime-status] [11584] Resolved module firebase-functions {"declared":true,"installed":true,"version":"3.13.1","resolution":"C:\\Users\\AWhip\\Documents\\School_Files\\Portfolio_Projects\\amazon-clone\\functions\\node_modules\\firebase-functions\\lib\\index.js"} {"metadata":{"emulator":{"name":"functions"},"function":{"name":"api"},"message":"[runtime-status] [11584] Resolved module firebase-functions {\"declared\":true,\"installed\":true,\"version\":\"3.13.1\",\"resolution\":\"C:\\\\Users\\\\AWhip\\\\Documents\\\\School_Files\\\\Portfolio_Projects\\\\amazon-clone\\\\functions\\\\node_modules\\\\firebase-functions\\\\lib\\\\index.js\"}"}}
[debug] [2021-02-09T16:36:18.703Z] [runtime-status] [11584] Checked functions.config() {"config":{}} {"metadata":{"emulator":{"name":"functions"},"function":{"name":"api"},"message":"[runtime-status] [11584] Checked functions.config() {\"config\":{}}"}}
[debug] [2021-02-09T16:36:18.703Z] [runtime-status] [11584] firebase-functions has been stubbed. {"functionsResolution":{"declared":true,"installed":true,"version":"3.13.1","resolution":"C:\\Users\\AWhip\\Documents\\School_Files\\Portfolio_Projects\\amazon-clone\\functions\\node_modules\\firebase-functions\\lib\\index.js"}} {"metadata":{"emulator":{"name":"functions"},"function":{"name":"api"},"message":"[runtime-status] [11584] firebase-functions has been stubbed. {\"functionsResolution\":{\"declared\":true,\"installed\":true,\"version\":\"3.13.1\",\"resolution\":\"C:\\\\Users\\\\AWhip\\\\Documents\\\\School_Files\\\\Portfolio_Projects\\\\amazon-clone\\\\functions\\\\node_modules\\\\firebase-functions\\\\lib\\\\index.js\"}}"}}
[debug] [2021-02-09T16:36:18.704Z] [runtime-status] [11584] Resolved module firebase-functions {"declared":true,"installed":true,"version":"3.13.1","resolution":"C:\\Users\\AWhip\\Documents\\School_Files\\Portfolio_Projects\\amazon-clone\\functions\\node_modules\\firebase-functions\\lib\\index.js"} {"metadata":{"emulator":{"name":"functions"},"function":{"name":"api"},"message":"[runtime-status] [11584] Resolved module firebase-functions {\"declared\":true,\"installed\":true,\"version\":\"3.13.1\",\"resolution\":\"C:\\\\Users\\\\AWhip\\\\Documents\\\\School_Files\\\\Portfolio_Projects\\\\amazon-clone\\\\functions\\\\node_modules\\\\firebase-functions\\\\lib\\\\index.js\"}"}}
[debug] [2021-02-09T16:36:18.705Z] [runtime-status] [11584] Resolved module firebase-admin {"declared":true,"installed":true,"version":"9.4.2","resolution":"C:\\Users\\AWhip\\Documents\\School_Files\\Portfolio_Projects\\amazon-clone\\functions\\node_modules\\firebase-admin\\lib\\index.js"} {"metadata":{"emulator":{"name":"functions"},"function":{"name":"api"},"message":"[runtime-status] [11584] Resolved module firebase-admin {\"declared\":true,\"installed\":true,\"version\":\"9.4.2\",\"resolution\":\"C:\\\\Users\\\\AWhip\\\\Documents\\\\School_Files\\\\Portfolio_Projects\\\\amazon-clone\\\\functions\\\\node_modules\\\\firebase-admin\\\\lib\\\\index.js\"}"}}
[debug] [2021-02-09T16:36:18.706Z] [runtime-status] [11584] Resolved module firebase-functions {"declared":true,"installed":true,"version":"3.13.1","resolution":"C:\\Users\\AWhip\\Documents\\School_Files\\Portfolio_Projects\\amazon-clone\\functions\\node_modules\\firebase-functions\\lib\\index.js"} {"metadata":{"emulator":{"name":"functions"},"function":{"name":"api"},"message":"[runtime-status] [11584] Resolved module firebase-functions {\"declared\":true,\"installed\":true,\"version\":\"3.13.1\",\"resolution\":\"C:\\\\Users\\\\AWhip\\\\Documents\\\\School_Files\\\\Portfolio_Projects\\\\amazon-clone\\\\functions\\\\node_modules\\\\firebase-functions\\\\lib\\\\index.js\"}"}}
[debug] [2021-02-09T16:36:18.707Z] [runtime-status] [11584] firebase-admin has been stubbed. {"adminResolution":{"declared":true,"installed":true,"version":"9.4.2","resolution":"C:\\Users\\AWhip\\Documents\\School_Files\\Portfolio_Projects\\amazon-clone\\functions\\node_modules\\firebase-admin\\lib\\index.js"}} {"metadata":{"emulator":{"name":"functions"},"function":{"name":"api"},"message":"[runtime-status] [11584] firebase-admin has been stubbed. {\"adminResolution\":{\"declared\":true,\"installed\":true,\"version\":\"9.4.2\",\"resolution\":\"C:\\\\Users\\\\AWhip\\\\Documents\\\\School_Files\\\\Portfolio_Projects\\\\amazon-clone\\\\functions\\\\node_modules\\\\firebase-admin\\\\lib\\\\index.js\"}}"}}
[debug] [2021-02-09T16:36:18.902Z] [runtime-status] [11584] Trigger "api" has been found, beginning invocation! {"metadata":{"emulator":{"name":"functions"},"function":{"name":"api"},"message":"[runtime-status] [11584] Trigger \"api\" has been found, beginning invocation!"}}
[info] i  functions: Beginning execution of "api" {"metadata":{"emulator":{"name":"functions"},"function":{"name":"api"},"message":"Beginning execution of \"api\""}}
[debug] [2021-02-09T16:36:18.903Z] [runtime-status] [11584] triggerDefinition {"httpsTrigger":{},"name":"api","entryPoint":"api"} {"metadata":{"emulator":{"name":"functions"},"function":{"name":"api"},"message":"[runtime-status] [11584] triggerDefinition {\"httpsTrigger\":{},\"name\":\"api\",\"entryPoint\":\"api\"}"}}
[debug] [2021-02-09T16:36:18.904Z] [runtime-status] [11584] Running api in mode HTTPS {"metadata":{"emulator":{"name":"functions"},"function":{"name":"api"},"message":"[runtime-status] [11584] Running api in mode HTTPS"}}
[debug] [2021-02-09T16:36:18.906Z] [runtime-status] [11584] Attempting to listen to socketPath: \\?\pipe\C:\Users\AWhip\Documents\School_Files\Portfolio_Projects\amazon-clone\functions\11584 {"metadata":{"emulator":{"name":"functions"},"function":{"name":"api"},"message":"[runtime-status] [11584] Attempting to listen to socketPath: \\\\?\\pipe\\C:\\Users\\AWhip\\Documents\\School_Files\\Portfolio_Projects\\amazon-clone\\functions\\11584"}}
[debug] [2021-02-09T16:36:18.911Z] [functions] Runtime ready! Sending request! {"metadata":{"emulator":{"name":"functions"},"message":"[functions] Runtime ready! Sending request!"}}
[debug] [2021-02-09T16:36:18.912Z] [functions] Got req.url=/clone-c91ab/us-central1/api, mapping to path=/ {"metadata":{"emulator":{"name":"functions"},"message":"[functions] Got req.url=/clone-c91ab/us-central1/api, mapping to path=/"}}
[debug] [2021-02-09T16:36:18.920Z] [runtime-status] [11584] Ephemeral server handling GET request {"metadata":{"emulator":{"name":"functions"},"function":{"name":"api"},"message":"[runtime-status] [11584] Ephemeral server handling GET request"}}
[debug] [2021-02-09T16:36:18.927Z] [runtime-status] [11584] Ephemeral server survived. {"metadata":{"emulator":{"name":"functions"},"function":{"name":"api"},"message":"[runtime-status] [11584] Ephemeral server survived."}}
[info] i  functions: Finished "api" in ~1s {"metadata":{"emulator":{"name":"functions"},"function":{"name":"api"},"message":"Finished \"api\" in ~1s"}}
[debug] [2021-02-09T16:36:18.938Z] [worker-api-b5dc9b19-8efc-441a-ad30-e78a999c7d25]: IDLE {"metadata":{"emulator":{"name":"functions"},"message":"[worker-api-b5dc9b19-8efc-441a-ad30-e78a999c7d25]: IDLE"}}
[debug] [2021-02-09T16:36:18.939Z] [work-queue] {"queueLength":0,"workRunningCount":0}
[debug] [2021-02-09T16:36:19.002Z] Functions emulator received unknown request at path /favicon.ico
[debug] [2021-02-09T16:42:21.011Z] File C:\Users\AWhip\Documents\School_Files\Portfolio_Projects\amazon-clone\functions\index.js changed, reloading triggers {"metadata":{"emulator":{"name":"functions"},"message":"File C:\\Users\\AWhip\\Documents\\School_Files\\Portfolio_Projects\\amazon-clone\\functions\\index.js changed, reloading triggers"}}
